[+] Containers:
 |- [+] Container: /Game/Maps/ThirdPersonMap
 |   |- [+] ActorDescs:
 |   |   |- Guid:0A733B864C327F0B589EC8BBDD0265BC BaseClass: NativeClass:/Script/Engine.StaticMeshActor Name:StaticMeshActor_13 Label:SM_Cube9 SpatiallyLoaded:1 Bounds:IsValid=true, Min=(X=1800.000 Y=1500.000 Z=0.000), Max=(X=2000.000 Y=2200.000 Z=100.000) RuntimeGrid:None EditorOnly:0 RuntimeOnly:0 HLODRelevant:1 ListedInSceneOutliner:1 IsMainWorldOnly:0 FolderPath:Block01 FolderGuid:7D23E5AE4C2A421F86AF6986D87E6D05
 |   |   |- Guid:0C8C09204899068E290923BE45F3CB24 BaseClass:/Game/SlurginNSnop/Blueprints/BP_Salt.BP_Salt_C NativeClass:/Script/Engine.Actor Name:BP_Salt_C_UAID_7085C2C84A1A7B2802_1981363386 Label:BP_Salt SpatiallyLoaded:1 Bounds:IsValid=true, Min=(X=1200.544 Y=699.621 Z=2.678), Max=(X=1300.596 Y=799.621 Z=64.710) RuntimeGrid:None EditorOnly:0 RuntimeOnly:0 HLODRelevant:0 ListedInSceneOutliner:1 IsMainWorldOnly:0
 |   |   |- Guid:2B16B4D946DEA45DC58684959C2549A3 BaseClass: NativeClass:/Script/Engine.PlayerStart Name:PlayerStart_UAID_7085C2C84A1A7C2802_1875129563 Label:SlurginStart SpatiallyLoaded:0 Bounds:IsValid=true, Min=(X=831.670 Y=1052.710 Z=13.512), Max=(X=911.670 Y=1132.710 Z=197.512) RuntimeGrid:None EditorOnly:0 RuntimeOnly:0 HLODRelevant:0 ListedInSceneOutliner:1 IsMainWorldOnly:0
 |   |   |- Guid:2FB58999456391D349DC0F86DAC136ED BaseClass: NativeClass:/Script/Engine.SkyLight Name:SkyLight_1 Label:SkyLight SpatiallyLoaded:0 Bounds:IsValid=true, Min=(X=0.000 Y=0.000 Z=690.000), Max=(X=0.000 Y=0.000 Z=690.000) RuntimeGrid:None EditorOnly:0 RuntimeOnly:0 HLODRelevant:0 ListedInSceneOutliner:1 IsMainWorldOnly:0 FolderPath:Lighting FolderGuid:963EC3EB4002CCE9759E2EBA541A873A
 |   |   |- Guid:316CF2A6494ACA4C0E4180A87D36AB8F BaseClass: NativeClass:/Script/Engine.ExponentialHeightFog Name:ExponentialHeightFog_0 Label:ExponentialHeightFog SpatiallyLoaded:0 Bounds:IsValid=true, Min=(X=-5600.000 Y=-50.000 Z=-6850.000), Max=(X=-5600.000 Y=-50.000 Z=-6850.000) RuntimeGrid:None EditorOnly:0 RuntimeOnly:0 HLODRelevant:0 ListedInSceneOutliner:1 IsMainWorldOnly:0 FolderPath:Lighting FolderGuid:963EC3EB4002CCE9759E2EBA541A873A
 |   |   |- Guid:4C63B56548AC629AA02A7BA268D88B2F BaseClass:/Game/ChaseAssets/Cabbage/CabbageRamp.CabbageRamp_C NativeClass:/Script/Engine.Actor Name:CabbageRamp_C_UAID_7085C2C84A1A6F2802_1918444271 Label:CabbageRamp SpatiallyLoaded:1 Bounds:IsValid=true, Min=(X=524.632 Y=1921.899 Z=2.644), Max=(X=1273.790 Y=2286.414 Z=523.674) RuntimeGrid:None EditorOnly:0 RuntimeOnly:0 HLODRelevant:0 ListedInSceneOutliner:1 IsMainWorldOnly:0
 |   |   |- Guid:4CBC92CE486E94309252DD8B8CA82D33 BaseClass:/Game/SlurginNSnop/Blueprints/BP_BreakableWall.BP_BreakableWall_C NativeClass:/Script/Engine.Actor Name:BP_BreakableWall_C_UAID_7085C2C84A1A802802_1220456269 Label:BP_BreakableWall SpatiallyLoaded:1 Bounds:IsValid=true, Min=(X=986.665 Y=1496.914 Z=-7.059), Max=(X=1013.132 Y=1684.073 Z=366.458) RuntimeGrid:None EditorOnly:0 RuntimeOnly:0 HLODRelevant:0 ListedInSceneOutliner:1 IsMainWorldOnly:0
 |   |   |- Guid:4D3BE93F4146AAAC8BBE79999D96D57F BaseClass: NativeClass:/Script/Engine.VolumetricCloud Name:VolumetricCloud_0 Label:VolumetricCloud SpatiallyLoaded:0 Bounds:IsValid=true, Min=(X=0.000 Y=0.000 Z=820.000), Max=(X=0.000 Y=0.000 Z=820.000) RuntimeGrid:None EditorOnly:0 RuntimeOnly:0 HLODRelevant:0 ListedInSceneOutliner:1 IsMainWorldOnly:0 FolderPath:Lighting FolderGuid:963EC3EB4002CCE9759E2EBA541A873A
 |   |   |- Guid:6BAF4DDD444C60371492D3919DB42C97 BaseClass: NativeClass:/Script/Engine.WorldDataLayers Name:WorldDataLayers Label:WorldDataLayers SpatiallyLoaded:0 Bounds:Invalid RuntimeGrid:None EditorOnly:0 RuntimeOnly:0 HLODRelevant:0 ListedInSceneOutliner:1 IsMainWorldOnly:1
 |   |   |- Guid:7C91563C44B5696DCBBFA996275A9352 BaseClass: NativeClass:/Script/Engine.PlayerStart Name:PlayerStart_UAID_7085C2C84A1A7B2802_1443176385 Label:SnopStart SpatiallyLoaded:0 Bounds:IsValid=true, Min=(X=824.929 Y=721.062 Z=13.512), Max=(X=904.929 Y=801.062 Z=197.512) RuntimeGrid:None EditorOnly:0 RuntimeOnly:0 HLODRelevant:0 ListedInSceneOutliner:1 IsMainWorldOnly:0
 |   |   |- Guid:7FB3F16D4BE8211D2FA97AB3A60C8659 BaseClass: NativeClass:/Script/Engine.StaticMeshActor Name:StaticMeshActor_UAID_7085C2C84A1A6F2802_1944335272 Label:SM_Cube2 SpatiallyLoaded:1 Bounds:IsValid=true, Min=(X=589.190 Y=1901.459 Z=-2.994), Max=(X=1007.465 Y=2272.728 Z=200.112) RuntimeGrid:None EditorOnly:0 RuntimeOnly:0 HLODRelevant:1 ListedInSceneOutliner:1 IsMainWorldOnly:0
 |   |   |- Guid:AB74120142217676C6EC818E6B49412B BaseClass: NativeClass:/Script/Engine.StaticMeshActor Name:StaticMeshActor_15 Label:SM_Cube10 SpatiallyLoaded:1 Bounds:IsValid=true, Min=(X=1800.000 Y=2100.000 Z=100.000), Max=(X=2000.000 Y=2200.000 Z=200.000) RuntimeGrid:None EditorOnly:0 RuntimeOnly:0 HLODRelevant:1 ListedInSceneOutliner:1 IsMainWorldOnly:0 FolderPath:Block01 FolderGuid:7D23E5AE4C2A421F86AF6986D87E6D05
 |   |   |- Guid:B785ED2844B84CFB91E7F39FE661CD99 BaseClass: NativeClass:/Script/Engine.DirectionalLight Name:DirectionalLight_0 Label:DirectionalLight SpatiallyLoaded:0 Bounds:Invalid RuntimeGrid:None EditorOnly:0 RuntimeOnly:0 HLODRelevant:0 ListedInSceneOutliner:1 IsMainWorldOnly:0 FolderPath:Lighting FolderGuid:963EC3EB4002CCE9759E2EBA541A873A
 |   |   |- Guid:C15C2C8D4EA4ADE0BD1349AFD814988B BaseClass: NativeClass:/Script/Engine.StaticMeshActor Name:StaticMeshActor_14 Label:SM_Ramp3 SpatiallyLoaded:1 Bounds:IsValid=true, Min=(X=1800.000 Y=1700.000 Z=100.000), Max=(X=2000.000 Y=2100.000 Z=200.000) RuntimeGrid:None EditorOnly:0 RuntimeOnly:0 HLODRelevant:1 ListedInSceneOutliner:1 IsMainWorldOnly:0 FolderPath:Block01 FolderGuid:7D23E5AE4C2A421F86AF6986D87E6D05
 |   |   |- Guid:CCFF262C46EEFFDF319E7F9539CE697E BaseClass: NativeClass:/Script/Engine.SkyAtmosphere Name:SkyAtmosphere_0 Label:SkyAtmosphere SpatiallyLoaded:0 Bounds:IsValid=true, Min=(X=0.000 Y=0.000 Z=1020.000), Max=(X=0.000 Y=0.000 Z=1020.000) RuntimeGrid:None EditorOnly:0 RuntimeOnly:0 HLODRelevant:0 ListedInSceneOutliner:1 IsMainWorldOnly:0 FolderPath:Lighting FolderGuid:963EC3EB4002CCE9759E2EBA541A873A
 |   |   |- Guid:EC4E0C944CE6AC6E784BC6BB2916EA13 BaseClass: NativeClass:/Script/Engine.StaticMeshActor Name:StaticMeshActor_UAID_A4AE111137DC5EFB00_1110535423 Label:SM_SkySphere SpatiallyLoaded:1 Bounds:IsValid=true, Min=(X=-1638400.000 Y=-1638400.000 Z=-1638400.000), Max=(X=1638400.000 Y=1638400.000 Z=1638400.000) RuntimeGrid:None EditorOnly:0 RuntimeOnly:0 HLODRelevant:1 ListedInSceneOutliner:1 IsMainWorldOnly:0 FolderPath:Lighting FolderGuid:963EC3EB4002CCE9759E2EBA541A873A
 |   |   |- Guid:EDAA34A64E50B17535C2EB826C12557D BaseClass: NativeClass:/Script/Engine.StaticMeshActor Name:StaticMeshActor_9 Label:SM_Ramp2 SpatiallyLoaded:1 Bounds:IsValid=true, Min=(X=1400.000 Y=1500.000 Z=0.000), Max=(X=1800.000 Y=1700.000 Z=100.000) RuntimeGrid:None EditorOnly:0 RuntimeOnly:0 HLODRelevant:1 ListedInSceneOutliner:1 IsMainWorldOnly:0 FolderPath:Block01 FolderGuid:7D23E5AE4C2A421F86AF6986D87E6D05
 |   |   |- Guid:F1924B8D48954B30891B2DB6A694F9CC BaseClass: NativeClass:/Script/Engine.StaticMeshActor Name:StaticMeshActor_1 Label:SM_Cube SpatiallyLoaded:1 Bounds:IsValid=true, Min=(X=0.000 Y=0.000 Z=-50.000), Max=(X=3000.000 Y=3500.000 Z=0.000) RuntimeGrid:None EditorOnly:0 RuntimeOnly:0 HLODRelevant:1 ListedInSceneOutliner:1 IsMainWorldOnly:0 FolderPath:Playground FolderGuid:C73F09FC4215536B1DCE2A9E0A830C70
 |   |   |- Guid:F5E3FEB3450C49844FD93DA8E083C8AD BaseClass: NativeClass:/Script/Engine.PostProcessVolume Name:PostProcessVolume_0 Label:PostProcessVolume SpatiallyLoaded:0 Bounds:IsValid=true, Min=(X=0.000 Y=0.000 Z=400.000), Max=(X=200.000 Y=200.000 Z=600.000) RuntimeGrid:None EditorOnly:0 RuntimeOnly:0 HLODRelevant:0 ListedInSceneOutliner:1 IsMainWorldOnly:0 FolderPath:Lighting FolderGuid:963EC3EB4002CCE9759E2EBA541A873A
 |   |   |- Guid:F8E5028B42802FFC6FA82AACDB39636B BaseClass:/Game/SlurginNSnop/Blueprints/BP_Copper.BP_Copper_C NativeClass:/Script/Engine.Actor Name:BP_Copper_C_UAID_7085C2C84A1A7E2802_1304020916 Label:BP_Copper SpatiallyLoaded:1 Bounds:IsValid=true, Min=(X=1199.694 Y=902.095 Z=3.255), Max=(X=1299.745 Y=1002.095 Z=99.206) RuntimeGrid:None EditorOnly:0 RuntimeOnly:0 HLODRelevant:0 ListedInSceneOutliner:1 IsMainWorldOnly:0
 |   |- [+] Clusters:
 |   |   |- [+] [  0]
 |   |   |   |- Guid:0A733B864C327F0B589EC8BBDD0265BC BaseClass: NativeClass:/Script/Engine.StaticMeshActor Name:StaticMeshActor_13 Label:SM_Cube9 SpatiallyLoaded:1 Bounds:IsValid=true, Min=(X=1800.000 Y=1500.000 Z=0.000), Max=(X=2000.000 Y=2200.000 Z=100.000) RuntimeGrid:None EditorOnly:0 RuntimeOnly:0 HLODRelevant:1 ListedInSceneOutliner:1 IsMainWorldOnly:0 FolderPath:Block01 FolderGuid:7D23E5AE4C2A421F86AF6986D87E6D05
 |   |   |- [+] [  1]
 |   |   |   |- Guid:0C8C09204899068E290923BE45F3CB24 BaseClass:/Game/SlurginNSnop/Blueprints/BP_Salt.BP_Salt_C NativeClass:/Script/Engine.Actor Name:BP_Salt_C_UAID_7085C2C84A1A7B2802_1981363386 Label:BP_Salt SpatiallyLoaded:1 Bounds:IsValid=true, Min=(X=1200.544 Y=699.621 Z=2.678), Max=(X=1300.596 Y=799.621 Z=64.710) RuntimeGrid:None EditorOnly:0 RuntimeOnly:0 HLODRelevant:0 ListedInSceneOutliner:1 IsMainWorldOnly:0
 |   |   |- [+] [  2]
 |   |   |   |- Guid:2B16B4D946DEA45DC58684959C2549A3 BaseClass: NativeClass:/Script/Engine.PlayerStart Name:PlayerStart_UAID_7085C2C84A1A7C2802_1875129563 Label:SlurginStart SpatiallyLoaded:0 Bounds:IsValid=true, Min=(X=831.670 Y=1052.710 Z=13.512), Max=(X=911.670 Y=1132.710 Z=197.512) RuntimeGrid:None EditorOnly:0 RuntimeOnly:0 HLODRelevant:0 ListedInSceneOutliner:1 IsMainWorldOnly:0
 |   |   |- [+] [  3]
 |   |   |   |- Guid:2FB58999456391D349DC0F86DAC136ED BaseClass: NativeClass:/Script/Engine.SkyLight Name:SkyLight_1 Label:SkyLight SpatiallyLoaded:0 Bounds:IsValid=true, Min=(X=0.000 Y=0.000 Z=690.000), Max=(X=0.000 Y=0.000 Z=690.000) RuntimeGrid:None EditorOnly:0 RuntimeOnly:0 HLODRelevant:0 ListedInSceneOutliner:1 IsMainWorldOnly:0 FolderPath:Lighting FolderGuid:963EC3EB4002CCE9759E2EBA541A873A
 |   |   |- [+] [  4]
 |   |   |   |- Guid:316CF2A6494ACA4C0E4180A87D36AB8F BaseClass: NativeClass:/Script/Engine.ExponentialHeightFog Name:ExponentialHeightFog_0 Label:ExponentialHeightFog SpatiallyLoaded:0 Bounds:IsValid=true, Min=(X=-5600.000 Y=-50.000 Z=-6850.000), Max=(X=-5600.000 Y=-50.000 Z=-6850.000) RuntimeGrid:None EditorOnly:0 RuntimeOnly:0 HLODRelevant:0 ListedInSceneOutliner:1 IsMainWorldOnly:0 FolderPath:Lighting FolderGuid:963EC3EB4002CCE9759E2EBA541A873A
 |   |   |- [+] [  5]
 |   |   |   |- Guid:4C63B56548AC629AA02A7BA268D88B2F BaseClass:/Game/ChaseAssets/Cabbage/CabbageRamp.CabbageRamp_C NativeClass:/Script/Engine.Actor Name:CabbageRamp_C_UAID_7085C2C84A1A6F2802_1918444271 Label:CabbageRamp SpatiallyLoaded:1 Bounds:IsValid=true, Min=(X=524.632 Y=1921.899 Z=2.644), Max=(X=1273.790 Y=2286.414 Z=523.674) RuntimeGrid:None EditorOnly:0 RuntimeOnly:0 HLODRelevant:0 ListedInSceneOutliner:1 IsMainWorldOnly:0
 |   |   |- [+] [  6]
 |   |   |   |- Guid:4CBC92CE486E94309252DD8B8CA82D33 BaseClass:/Game/SlurginNSnop/Blueprints/BP_BreakableWall.BP_BreakableWall_C NativeClass:/Script/Engine.Actor Name:BP_BreakableWall_C_UAID_7085C2C84A1A802802_1220456269 Label:BP_BreakableWall SpatiallyLoaded:1 Bounds:IsValid=true, Min=(X=986.665 Y=1496.914 Z=-7.059), Max=(X=1013.132 Y=1684.073 Z=366.458) RuntimeGrid:None EditorOnly:0 RuntimeOnly:0 HLODRelevant:0 ListedInSceneOutliner:1 IsMainWorldOnly:0
 |   |   |- [+] [  7]
 |   |   |   |- Guid:4D3BE93F4146AAAC8BBE79999D96D57F BaseClass: NativeClass:/Script/Engine.VolumetricCloud Name:VolumetricCloud_0 Label:VolumetricCloud SpatiallyLoaded:0 Bounds:IsValid=true, Min=(X=0.000 Y=0.000 Z=820.000), Max=(X=0.000 Y=0.000 Z=820.000) RuntimeGrid:None EditorOnly:0 RuntimeOnly:0 HLODRelevant:0 ListedInSceneOutliner:1 IsMainWorldOnly:0 FolderPath:Lighting FolderGuid:963EC3EB4002CCE9759E2EBA541A873A
 |   |   |- [+] [  8]
 |   |   |   |- Guid:6BAF4DDD444C60371492D3919DB42C97 BaseClass: NativeClass:/Script/Engine.WorldDataLayers Name:WorldDataLayers Label:WorldDataLayers SpatiallyLoaded:0 Bounds:Invalid RuntimeGrid:None EditorOnly:0 RuntimeOnly:0 HLODRelevant:0 ListedInSceneOutliner:1 IsMainWorldOnly:1
 |   |   |- [+] [  9]
 |   |   |   |- Guid:7C91563C44B5696DCBBFA996275A9352 BaseClass: NativeClass:/Script/Engine.PlayerStart Name:PlayerStart_UAID_7085C2C84A1A7B2802_1443176385 Label:SnopStart SpatiallyLoaded:0 Bounds:IsValid=true, Min=(X=824.929 Y=721.062 Z=13.512), Max=(X=904.929 Y=801.062 Z=197.512) RuntimeGrid:None EditorOnly:0 RuntimeOnly:0 HLODRelevant:0 ListedInSceneOutliner:1 IsMainWorldOnly:0
 |   |   |- [+] [ 10]
 |   |   |   |- Guid:7FB3F16D4BE8211D2FA97AB3A60C8659 BaseClass: NativeClass:/Script/Engine.StaticMeshActor Name:StaticMeshActor_UAID_7085C2C84A1A6F2802_1944335272 Label:SM_Cube2 SpatiallyLoaded:1 Bounds:IsValid=true, Min=(X=589.190 Y=1901.459 Z=-2.994), Max=(X=1007.465 Y=2272.728 Z=200.112) RuntimeGrid:None EditorOnly:0 RuntimeOnly:0 HLODRelevant:1 ListedInSceneOutliner:1 IsMainWorldOnly:0
 |   |   |- [+] [ 11]
 |   |   |   |- Guid:AB74120142217676C6EC818E6B49412B BaseClass: NativeClass:/Script/Engine.StaticMeshActor Name:StaticMeshActor_15 Label:SM_Cube10 SpatiallyLoaded:1 Bounds:IsValid=true, Min=(X=1800.000 Y=2100.000 Z=100.000), Max=(X=2000.000 Y=2200.000 Z=200.000) RuntimeGrid:None EditorOnly:0 RuntimeOnly:0 HLODRelevant:1 ListedInSceneOutliner:1 IsMainWorldOnly:0 FolderPath:Block01 FolderGuid:7D23E5AE4C2A421F86AF6986D87E6D05
 |   |   |- [+] [ 12]
 |   |   |   |- Guid:B785ED2844B84CFB91E7F39FE661CD99 BaseClass: NativeClass:/Script/Engine.DirectionalLight Name:DirectionalLight_0 Label:DirectionalLight SpatiallyLoaded:0 Bounds:Invalid RuntimeGrid:None EditorOnly:0 RuntimeOnly:0 HLODRelevant:0 ListedInSceneOutliner:1 IsMainWorldOnly:0 FolderPath:Lighting FolderGuid:963EC3EB4002CCE9759E2EBA541A873A
 |   |   |- [+] [ 13]
 |   |   |   |- Guid:C15C2C8D4EA4ADE0BD1349AFD814988B BaseClass: NativeClass:/Script/Engine.StaticMeshActor Name:StaticMeshActor_14 Label:SM_Ramp3 SpatiallyLoaded:1 Bounds:IsValid=true, Min=(X=1800.000 Y=1700.000 Z=100.000), Max=(X=2000.000 Y=2100.000 Z=200.000) RuntimeGrid:None EditorOnly:0 RuntimeOnly:0 HLODRelevant:1 ListedInSceneOutliner:1 IsMainWorldOnly:0 FolderPath:Block01 FolderGuid:7D23E5AE4C2A421F86AF6986D87E6D05
 |   |   |- [+] [ 14]
 |   |   |   |- Guid:CCFF262C46EEFFDF319E7F9539CE697E BaseClass: NativeClass:/Script/Engine.SkyAtmosphere Name:SkyAtmosphere_0 Label:SkyAtmosphere SpatiallyLoaded:0 Bounds:IsValid=true, Min=(X=0.000 Y=0.000 Z=1020.000), Max=(X=0.000 Y=0.000 Z=1020.000) RuntimeGrid:None EditorOnly:0 RuntimeOnly:0 HLODRelevant:0 ListedInSceneOutliner:1 IsMainWorldOnly:0 FolderPath:Lighting FolderGuid:963EC3EB4002CCE9759E2EBA541A873A
 |   |   |- [+] [ 15]
 |   |   |   |- Guid:EC4E0C944CE6AC6E784BC6BB2916EA13 BaseClass: NativeClass:/Script/Engine.StaticMeshActor Name:StaticMeshActor_UAID_A4AE111137DC5EFB00_1110535423 Label:SM_SkySphere SpatiallyLoaded:1 Bounds:IsValid=true, Min=(X=-1638400.000 Y=-1638400.000 Z=-1638400.000), Max=(X=1638400.000 Y=1638400.000 Z=1638400.000) RuntimeGrid:None EditorOnly:0 RuntimeOnly:0 HLODRelevant:1 ListedInSceneOutliner:1 IsMainWorldOnly:0 FolderPath:Lighting FolderGuid:963EC3EB4002CCE9759E2EBA541A873A
 |   |   |- [+] [ 16]
 |   |   |   |- Guid:EDAA34A64E50B17535C2EB826C12557D BaseClass: NativeClass:/Script/Engine.StaticMeshActor Name:StaticMeshActor_9 Label:SM_Ramp2 SpatiallyLoaded:1 Bounds:IsValid=true, Min=(X=1400.000 Y=1500.000 Z=0.000), Max=(X=1800.000 Y=1700.000 Z=100.000) RuntimeGrid:None EditorOnly:0 RuntimeOnly:0 HLODRelevant:1 ListedInSceneOutliner:1 IsMainWorldOnly:0 FolderPath:Block01 FolderGuid:7D23E5AE4C2A421F86AF6986D87E6D05
 |   |   |- [+] [ 17]
 |   |   |   |- Guid:F1924B8D48954B30891B2DB6A694F9CC BaseClass: NativeClass:/Script/Engine.StaticMeshActor Name:StaticMeshActor_1 Label:SM_Cube SpatiallyLoaded:1 Bounds:IsValid=true, Min=(X=0.000 Y=0.000 Z=-50.000), Max=(X=3000.000 Y=3500.000 Z=0.000) RuntimeGrid:None EditorOnly:0 RuntimeOnly:0 HLODRelevant:1 ListedInSceneOutliner:1 IsMainWorldOnly:0 FolderPath:Playground FolderGuid:C73F09FC4215536B1DCE2A9E0A830C70
 |   |   |- [+] [ 18]
 |   |   |   |- Guid:F5E3FEB3450C49844FD93DA8E083C8AD BaseClass: NativeClass:/Script/Engine.PostProcessVolume Name:PostProcessVolume_0 Label:PostProcessVolume SpatiallyLoaded:0 Bounds:IsValid=true, Min=(X=0.000 Y=0.000 Z=400.000), Max=(X=200.000 Y=200.000 Z=600.000) RuntimeGrid:None EditorOnly:0 RuntimeOnly:0 HLODRelevant:0 ListedInSceneOutliner:1 IsMainWorldOnly:0 FolderPath:Lighting FolderGuid:963EC3EB4002CCE9759E2EBA541A873A
 |   |   |- [+] [ 19]
 |   |   |   |- Guid:F8E5028B42802FFC6FA82AACDB39636B BaseClass:/Game/SlurginNSnop/Blueprints/BP_Copper.BP_Copper_C NativeClass:/Script/Engine.Actor Name:BP_Copper_C_UAID_7085C2C84A1A7E2802_1304020916 Label:BP_Copper SpatiallyLoaded:1 Bounds:IsValid=true, Min=(X=1199.694 Y=902.095 Z=3.255), Max=(X=1299.745 Y=1002.095 Z=99.206) RuntimeGrid:None EditorOnly:0 RuntimeOnly:0 HLODRelevant:0 ListedInSceneOutliner:1 IsMainWorldOnly:0
 |- ContainerInstances:
 |- [+] MainContainer:
 |   |-        ID: 00000000000000000000000000000000
 |   |-  ParentID: 00000000000000000000000000000000
 |   |-    Bounds: IsValid=false, Min=(X=0.000 Y=0.000 Z=0.000), Max=(X=0.000 Y=0.000 Z=0.000)
 |   |- Transform: 0.000000,0.000000,0.000000|0.000000,0.000000,-0.000000|1.000000,1.000000,1.000000
 |   |- Container: /Game/Maps/ThirdPersonMap
----------------------------------------------------------------------------------------------------------------
ThirdPersonMap - Persistent Level
----------------------------------------------------------------------------------------------------------------
[+] Content of ThirdPersonMap Persistent Level
 |- Always loaded Actor Count: 20 
 |- Actor Path: /Game/Maps/UEDPIE_1_ThirdPersonMap.ThirdPersonMap:PersistentLevel.BP_BreakableWall_C_UAID_7085C2C84A1A802802_1220456269
 |- Actor Package: /Game/Maps/UEDPIE_1_ThirdPersonMap_InstanceOf_/Game/__ExternalActors__/Maps/ThirdPersonMap/2/AK/CYI8SBCA7DFBNH3TRWJ13H
 |- Actor Path: /Game/Maps/UEDPIE_1_ThirdPersonMap.ThirdPersonMap:PersistentLevel.BP_Copper_C_UAID_7085C2C84A1A7E2802_1304020916
 |- Actor Package: /Game/Maps/UEDPIE_1_ThirdPersonMap_InstanceOf_/Game/__ExternalActors__/Maps/ThirdPersonMap/6/16/Z85XIXXTJOMJJL6X3TVDRG
 |- Actor Path: /Game/Maps/UEDPIE_1_ThirdPersonMap.ThirdPersonMap:PersistentLevel.BP_Salt_C_UAID_7085C2C84A1A7B2802_1981363386
 |- Actor Package: /Game/Maps/UEDPIE_1_ThirdPersonMap_InstanceOf_/Game/__ExternalActors__/Maps/ThirdPersonMap/D/0K/8S2URKK46DYHL7G3WOFKRU
 |- Actor Path: /Game/Maps/UEDPIE_1_ThirdPersonMap.ThirdPersonMap:PersistentLevel.CabbageRamp_C_UAID_7085C2C84A1A6F2802_1918444271
 |- Actor Package: /Game/Maps/UEDPIE_1_ThirdPersonMap_InstanceOf_/Game/__ExternalActors__/Maps/ThirdPersonMap/3/RT/XWFTLKXZ7P73YPOARBXU56
 |- Actor Path: /Game/Maps/UEDPIE_1_ThirdPersonMap.ThirdPersonMap:PersistentLevel.DirectionalLight_0
 |- Actor Package: /Game/Maps/UEDPIE_1_ThirdPersonMap_InstanceOf_/Game/__ExternalActors__/Maps/ThirdPersonMap/C/IZ/F47RIT6PBRGD3VFHIO4PVP
 |- Actor Path: /Game/Maps/UEDPIE_1_ThirdPersonMap.ThirdPersonMap:PersistentLevel.ExponentialHeightFog_0
 |- Actor Package: /Game/Maps/UEDPIE_1_ThirdPersonMap_InstanceOf_/Game/__ExternalActors__/Maps/ThirdPersonMap/D/70/VEM240MOJXJJ7YV9QJXKEA
 |- Actor Path: /Game/Maps/UEDPIE_1_ThirdPersonMap.ThirdPersonMap:PersistentLevel.PlayerStart_UAID_7085C2C84A1A7B2802_1443176385
 |- Actor Package: /Game/Maps/UEDPIE_1_ThirdPersonMap_InstanceOf_/Game/__ExternalActors__/Maps/ThirdPersonMap/3/WN/WI4DWYTTTM4QNWL5ETUA3N
 |- Actor Path: /Game/Maps/UEDPIE_1_ThirdPersonMap.ThirdPersonMap:PersistentLevel.PlayerStart_UAID_7085C2C84A1A7C2802_1875129563
 |- Actor Package: /Game/Maps/UEDPIE_1_ThirdPersonMap_InstanceOf_/Game/__ExternalActors__/Maps/ThirdPersonMap/6/LS/D18RJ0QYVUFLF9NHWNU3BN
 |- Actor Path: /Game/Maps/UEDPIE_1_ThirdPersonMap.ThirdPersonMap:PersistentLevel.PostProcessVolume_0
 |- Actor Package: /Game/Maps/UEDPIE_1_ThirdPersonMap_InstanceOf_/Game/__ExternalActors__/Maps/ThirdPersonMap/4/VI/PDXA9Q02LMQ2U8KWXCKWUI
 |- Actor Path: /Game/Maps/UEDPIE_1_ThirdPersonMap.ThirdPersonMap:PersistentLevel.SkyAtmosphere_0
 |- Actor Package: /Game/Maps/UEDPIE_1_ThirdPersonMap_InstanceOf_/Game/__ExternalActors__/Maps/ThirdPersonMap/C/QS/6I0TQQKGM2S7FVOKOWFBTW
 |- Actor Path: /Game/Maps/UEDPIE_1_ThirdPersonMap.ThirdPersonMap:PersistentLevel.SkyLight_1
 |- Actor Package: /Game/Maps/UEDPIE_1_ThirdPersonMap_InstanceOf_/Game/__ExternalActors__/Maps/ThirdPersonMap/8/6M/OV8P6XY6MYN8XDC227RW7Q
 |- Actor Path: /Game/Maps/UEDPIE_1_ThirdPersonMap.ThirdPersonMap:PersistentLevel.StaticMeshActor_1
 |- Actor Package: /Game/Maps/UEDPIE_1_ThirdPersonMap_InstanceOf_/Game/__ExternalActors__/Maps/ThirdPersonMap/0/DX/5FW2U4KT04K2AKQRKKFG5Z
 |- Actor Path: /Game/Maps/UEDPIE_1_ThirdPersonMap.ThirdPersonMap:PersistentLevel.StaticMeshActor_13
 |- Actor Package: /Game/Maps/UEDPIE_1_ThirdPersonMap_InstanceOf_/Game/__ExternalActors__/Maps/ThirdPersonMap/7/60/29HCLQP5BSCTP2C9E9FPVQ
 |- Actor Path: /Game/Maps/UEDPIE_1_ThirdPersonMap.ThirdPersonMap:PersistentLevel.StaticMeshActor_14
 |- Actor Package: /Game/Maps/UEDPIE_1_ThirdPersonMap_InstanceOf_/Game/__ExternalActors__/Maps/ThirdPersonMap/A/DJ/84OZS9XQL8S92VD9N64Z3C
 |- Actor Path: /Game/Maps/UEDPIE_1_ThirdPersonMap.ThirdPersonMap:PersistentLevel.StaticMeshActor_15
 |- Actor Package: /Game/Maps/UEDPIE_1_ThirdPersonMap_InstanceOf_/Game/__ExternalActors__/Maps/ThirdPersonMap/6/39/I37LBIY268745LDONK7LEY
 |- Actor Path: /Game/Maps/UEDPIE_1_ThirdPersonMap.ThirdPersonMap:PersistentLevel.StaticMeshActor_9
 |- Actor Package: /Game/Maps/UEDPIE_1_ThirdPersonMap_InstanceOf_/Game/__ExternalActors__/Maps/ThirdPersonMap/F/5L/7A163E6ID9AKE7GFEZCD4B
 |- Actor Path: /Game/Maps/UEDPIE_1_ThirdPersonMap.ThirdPersonMap:PersistentLevel.StaticMeshActor_UAID_7085C2C84A1A6F2802_1944335272
 |- Actor Package: /Game/Maps/UEDPIE_1_ThirdPersonMap_InstanceOf_/Game/__ExternalActors__/Maps/ThirdPersonMap/2/Z4/GCFY2S6G802AV9EHJU74OE
 |- Actor Path: /Game/Maps/UEDPIE_1_ThirdPersonMap.ThirdPersonMap:PersistentLevel.StaticMeshActor_UAID_A4AE111137DC5EFB00_1110535423
 |- Actor Package: /Game/Maps/UEDPIE_1_ThirdPersonMap_InstanceOf_/Game/__ExternalActors__/Maps/ThirdPersonMap/3/27/KYAQ7LV9GK2CHZ4R38QLDV
 |- Actor Path: /Game/Maps/UEDPIE_1_ThirdPersonMap.ThirdPersonMap:PersistentLevel.VolumetricCloud_0
 |- Actor Package: /Game/Maps/UEDPIE_1_ThirdPersonMap_InstanceOf_/Game/__ExternalActors__/Maps/ThirdPersonMap/5/M0/H1MB1V7RGMSV5BTJFZDX3K
 |- Actor Path: /Game/Maps/UEDPIE_1_ThirdPersonMap.ThirdPersonMap:PersistentLevel.WorldDataLayers
 |- Actor Package: /Game/__ExternalActors__/Maps/ThirdPersonMap/3/UD/BB4MDNTU359RPOEOB0K97W

----------------------------------------------------------------------------------------------------------------
ThirdPersonMap - Runtime Spatial Hash
----------------------------------------------------------------------------------------------------------------
[+] StreamingGrids
 |- [+] MainGrid
 |   |-             Origin: X=0.000 Y=0.000 Z=0.000
 |   |-          Cell Size: 12800
 |   |-       World Bounds: IsValid=false, Min=(X=0.000 Y=0.000 Z=0.000), Max=(X=0.000 Y=0.000 Z=0.000)
 |   |-      Loading Range: 25600.00
 |   |- Block Slow Loading: No
 |   |-  ClientOnlyVisible: No
 |   |- 
 |   |- [+] Grid Levels: 1
 |   |   |- Level  0: Cell Count    0 | Cell Size   12800 | Actor Count    0 (0.0%)
 |   |- 
 |   |- [+] Content of Grid Level 0
 |   |- 
